Build started at 2022-07-23T19:30:16.231933
Main binary: /usr/bin/python
Build Options: -Dimgui:dx9=disabled -Dimgui:dx10=disabled -Dimgui:dx11=disabled -Dbackend=ninja -Dimgui:dx12=disabled -Dimgui:glfw=enabled -Dimgui:opengl=enabled -Ddefault_library=static -Dlayout=mirror -Dstb-meson:default_library=static -Dimgui:default_library=static -Dglm:default_library=static -Dglfw3:default_library=static -Dfmt:default_library=static -Dglew:default_library=static '--cross-file /home/izkeas/Projects/C-C++/games/core_framework/mingw_settings.txt'
Python system: Linux
The Meson build system
Version: 0.63.0
Source dir: /home/izkeas/Projects/C-C++/games/core_framework
Build dir: /home/izkeas/Projects/C-C++/games/core_framework/build-mingw
Build type: cross build
Project name: core-lib
Project version: 0.1.0
C compiler for the host machine: x86_64-w64-mingw32-gcc (gcc 12.1.0 "x86_64-w64-mingw32-gcc (GCC) 12.1.0")
C linker for the host machine: x86_64-w64-mingw32-gcc ld.bfd 2.38
C++ compiler for the host machine: x86_64-w64-mingw32-g++ (gcc 12.1.0 "x86_64-w64-mingw32-g++ (GCC) 12.1.0")
C++ linker for the host machine: x86_64-w64-mingw32-g++ ld.bfd 2.38
C compiler for the build machine: cc (gcc 12.1.0 "cc (GCC) 12.1.0")
C linker for the build machine: cc ld.bfd 2.38
C++ compiler for the build machine: c++ (gcc 12.1.0 "c++ (GCC) 12.1.0")
C++ linker for the build machine: c++ ld.bfd 2.38
Build machine cpu family: x86_64
Build machine cpu: x86_64
Host machine cpu family: x86_64
Host machine cpu: x86_64
Target machine cpu family: x86_64
Target machine cpu: x86_64
Pkg-config binary for 1 is not cached.
Pkg-config binary missing from cross or native file, or env var undefined.
Default target is not allowed for cross use
Found Pkg-config: NO
Pkg-config binary for machine 1 not found. Giving up.
CMake binary for 1 is not cached
CMake binary missing from cross or native file, or env var undefined.
Default target is not allowed for cross use
Found CMake: NO
CMake binary for machine 1 not found. Giving up.
Run-time dependency glfw3 found: NO (tried pkgconfig and cmake)
Looking for a fallback subproject for the dependency glfw3

Executing subproject glfw3 

Project name: glfw
Project version: 3.3.2
C compiler for the host machine: x86_64-w64-mingw32-gcc (gcc 12.1.0 "x86_64-w64-mingw32-gcc (GCC) 12.1.0")
C linker for the host machine: x86_64-w64-mingw32-gcc ld.bfd 2.38
C compiler for the build machine: cc (gcc 12.1.0 "cc (GCC) 12.1.0")
C linker for the build machine: cc ld.bfd 2.38
Running compile:
Working directory:  /home/izkeas/Projects/C-C++/games/core_framework/build-mingw/meson-private/tmpuc2wqv_m
Command line:  x86_64-w64-mingw32-gcc /home/izkeas/Projects/C-C++/games/core_framework/build-mingw/meson-private/tmpuc2wqv_m/testfile.c -o /home/izkeas/Projects/C-C++/games/core_framework/build-mingw/meson-private/tmpuc2wqv_m/output.exe -D_FILE_OFFSET_BITS=64 -O0 -Wl,--start-group -lm -Wl,--end-group -Wl,--allow-shlib-undefined 

Code:
 int main(void) { return 0; }

Compiler stdout:
 
Compiler stderr:
 
Library m found: YES
Running compile:
Working directory:  /home/izkeas/Projects/C-C++/games/core_framework/build-mingw/meson-private/tmpe_ks182w
Command line:  x86_64-w64-mingw32-gcc /home/izkeas/Projects/C-C++/games/core_framework/build-mingw/meson-private/tmpe_ks182w/testfile.c -o /home/izkeas/Projects/C-C++/games/core_framework/build-mingw/meson-private/tmpe_ks182w/output.exe -D_FILE_OFFSET_BITS=64 -O0 -Wl,--start-group -lrt -Wl,--end-group -Wl,--allow-shlib-undefined 

Code:
 int main(void) { return 0; }

Compiler stdout:
 
Compiler stderr:
 /usr/lib/gcc/x86_64-w64-mingw32/12.1.0/../../../../x86_64-w64-mingw32/bin/ld: cannot find -lrt: No such file or directory
collect2: error: ld returned 1 exit status

Library rt found: NO
Dependency threads found: YES unknown (cached)
Configuring glfw_config.h using configuration
Running compile:
Working directory:  /home/izkeas/Projects/C-C++/games/core_framework/build-mingw/meson-private/tmpbdcujyhu
Command line:  x86_64-w64-mingw32-gcc /home/izkeas/Projects/C-C++/games/core_framework/build-mingw/meson-private/tmpbdcujyhu/testfile.c -o /home/izkeas/Projects/C-C++/games/core_framework/build-mingw/meson-private/tmpbdcujyhu/output.exe -D_FILE_OFFSET_BITS=64 -O0 -Wl,--start-group -lgdi32 -Wl,--end-group -Wl,--allow-shlib-undefined 

Code:
 int main(void) { return 0; }

Compiler stdout:
 
Compiler stderr:
 
Library gdi32 found: YES
Build targets in project: 1
Subproject glfw3 finished.

Dependency glfw3 from subproject subprojects/glfw3 found: YES 3.3.2
Pkg-config binary for 1 is cached as not found.
Pkg-config binary for machine 1 not found. Giving up.
CMake binary for 1 is cached as not found
CMake binary for machine 1 not found. Giving up.
Run-time dependency glew found: NO (tried pkgconfig and cmake)
Looking for a fallback subproject for the dependency glew

Executing subproject glew 

Project name: glew
Project version: 2.2.0
C compiler for the host machine: x86_64-w64-mingw32-gcc (gcc 12.1.0 "x86_64-w64-mingw32-gcc (GCC) 12.1.0")
C linker for the host machine: x86_64-w64-mingw32-gcc ld.bfd 2.38
C compiler for the build machine: cc (gcc 12.1.0 "cc (GCC) 12.1.0")
C linker for the build machine: cc ld.bfd 2.38
Running compile:
Working directory:  /home/izkeas/Projects/C-C++/games/core_framework/build-mingw/meson-private/tmp0yhj5qdt
Command line:  x86_64-w64-mingw32-gcc /home/izkeas/Projects/C-C++/games/core_framework/build-mingw/meson-private/tmp0yhj5qdt/testfile.c -o /home/izkeas/Projects/C-C++/games/core_framework/build-mingw/meson-private/tmp0yhj5qdt/output.exe -D_FILE_OFFSET_BITS=64 -O0 -Wl,--start-group -lopengl32 -Wl,--end-group -Wl,--allow-shlib-undefined 

Code:
 int main(void) { return 0; }

Compiler stdout:
 
Compiler stderr:
 
Library opengl32 found: YES
Windows resource compiler: GNU windres (GNU Binutils) 2.38
Build targets in project: 3
Subproject glew finished.

Dependency glew from subproject subprojects/glew-2.2.0 found: YES 2.2.0
Dependency threads found: YES unknown (cached)
Pkg-config binary for 1 is cached as not found.
Pkg-config binary for machine 1 not found. Giving up.
CMake binary for 1 is cached as not found
CMake binary for machine 1 not found. Giving up.
Run-time dependency fmt found: NO (tried pkgconfig and cmake)
Looking for a fallback subproject for the dependency fmt

Executing subproject fmt 

Project name: fmt
Project version: 9.0.0
C++ compiler for the host machine: x86_64-w64-mingw32-g++ (gcc 12.1.0 "x86_64-w64-mingw32-g++ (GCC) 12.1.0")
C++ linker for the host machine: x86_64-w64-mingw32-g++ ld.bfd 2.38
C++ compiler for the build machine: c++ (gcc 12.1.0 "c++ (GCC) 12.1.0")
C++ linker for the build machine: c++ ld.bfd 2.38
Build targets in project: 4
Subproject fmt finished.

Dependency fmt found: YES 9.0.0 (overridden)
Library opengl32 found: YES
Pkg-config binary for 1 is cached as not found.
Pkg-config binary for machine 1 not found. Giving up.
CMake binary for 1 is cached as not found
CMake binary for machine 1 not found. Giving up.
Run-time dependency glm found: NO (tried pkgconfig and cmake)
Looking for a fallback subproject for the dependency glm

Executing subproject glm 

Project name: glm
Project version: 0.9.9.8
C++ compiler for the host machine: x86_64-w64-mingw32-g++ (gcc 12.1.0 "x86_64-w64-mingw32-g++ (GCC) 12.1.0")
C++ linker for the host machine: x86_64-w64-mingw32-g++ ld.bfd 2.38
C++ compiler for the build machine: c++ (gcc 12.1.0 "c++ (GCC) 12.1.0")
C++ linker for the build machine: c++ ld.bfd 2.38
Build targets in project: 4
Subproject glm finished.

Dependency glm from subproject subprojects/glm-0.9.9.8 found: YES 0.9.9.8
Dependency glew found: YES 2.2.0 (cached)
Pkg-config binary for 1 is cached as not found.
Pkg-config binary for machine 1 not found. Giving up.
CMake binary for 1 is cached as not found
CMake binary for machine 1 not found. Giving up.
Run-time dependency stb-meson found: NO (tried pkgconfig and cmake)
Looking for a fallback subproject for the dependency stb-meson

Executing subproject stb-meson 

Project name: stb
Project version: 1.0.0
Build targets in project: 4
Subproject stb-meson finished.

Dependency stb-meson from subproject subprojects/stb-meson found: YES 1.0.0
Pkg-config binary for 1 is cached as not found.
Pkg-config binary for machine 1 not found. Giving up.
CMake binary for 1 is cached as not found
CMake binary for machine 1 not found. Giving up.
Run-time dependency imgui found: NO (tried pkgconfig and cmake)
Looking for a fallback subproject for the dependency imgui

Executing subproject imgui 

Project name: imgui
Project version: 1.87
C++ compiler for the host machine: x86_64-w64-mingw32-g++ (gcc 12.1.0 "x86_64-w64-mingw32-g++ (GCC) 12.1.0")
C++ linker for the host machine: x86_64-w64-mingw32-g++ ld.bfd 2.38
C++ compiler for the build machine: c++ (gcc 12.1.0 "c++ (GCC) 12.1.0")
C++ linker for the build machine: c++ ld.bfd 2.38
Library d3d9 skipped: feature dx9 disabled
Library d3d10 skipped: feature dx10 disabled
Library d3d11 skipped: feature dx11 disabled
Library d3d12 skipped: feature dx12 disabled
Running compile:
Working directory:  /home/izkeas/Projects/C-C++/games/core_framework/build-mingw/meson-private/tmp9e07by2e
Command line:  x86_64-w64-mingw32-g++ /home/izkeas/Projects/C-C++/games/core_framework/build-mingw/meson-private/tmp9e07by2e/testfile.cpp -o /home/izkeas/Projects/C-C++/games/core_framework/build-mingw/meson-private/tmp9e07by2e/output.exe -D_FILE_OFFSET_BITS=64 -O0 -fpermissive -framework Foundation 

Code:
 int main(void) { return 0; }
Compiler stdout:
 
Compiler stderr:
 x86_64-w64-mingw32-g++: error: unrecognized command-line option '-framework'

Running compile:
Working directory:  /home/izkeas/Projects/C-C++/games/core_framework/build-mingw/meson-private/tmpte17dyyj
Command line:  x86_64-w64-mingw32-g++ /home/izkeas/Projects/C-C++/games/core_framework/build-mingw/meson-private/tmpte17dyyj/testfile.cpp -o /home/izkeas/Projects/C-C++/games/core_framework/build-mingw/meson-private/tmpte17dyyj/output.exe -D_FILE_OFFSET_BITS=64 -O0 -fpermissive -framework AppKit 

Code:
 int main(void) { return 0; }
Compiler stdout:
 
Compiler stderr:
 x86_64-w64-mingw32-g++: error: unrecognized command-line option '-framework'

Running compile:
Working directory:  /home/izkeas/Projects/C-C++/games/core_framework/build-mingw/meson-private/tmppqv3ozn3
Command line:  x86_64-w64-mingw32-g++ /home/izkeas/Projects/C-C++/games/core_framework/build-mingw/meson-private/tmppqv3ozn3/testfile.cpp -o /home/izkeas/Projects/C-C++/games/core_framework/build-mingw/meson-private/tmppqv3ozn3/output.exe -D_FILE_OFFSET_BITS=64 -O0 -fpermissive -framework GameController 

Code:
 int main(void) { return 0; }
Compiler stdout:
 
Compiler stderr:
 x86_64-w64-mingw32-g++: error: unrecognized command-line option '-framework'

Running compile:
Working directory:  /home/izkeas/Projects/C-C++/games/core_framework/build-mingw/meson-private/tmpq716yhnu
Command line:  x86_64-w64-mingw32-g++ /home/izkeas/Projects/C-C++/games/core_framework/build-mingw/meson-private/tmpq716yhnu/testfile.cpp -o /home/izkeas/Projects/C-C++/games/core_framework/build-mingw/meson-private/tmpq716yhnu/output.exe -D_FILE_OFFSET_BITS=64 -O0 -fpermissive -framework Metal 

Code:
 int main(void) { return 0; }
Compiler stdout:
 
Compiler stderr:
 x86_64-w64-mingw32-g++: error: unrecognized command-line option '-framework'

Run-time dependency appleframeworks found: NO (tried framework)
Running compile:
Working directory:  /home/izkeas/Projects/C-C++/games/core_framework/build-mingw/meson-private/tmphx5kqjwe
Command line:  x86_64-w64-mingw32-g++ /home/izkeas/Projects/C-C++/games/core_framework/build-mingw/meson-private/tmphx5kqjwe/testfile.cpp -o /home/izkeas/Projects/C-C++/games/core_framework/build-mingw/meson-private/tmphx5kqjwe/output.exe -D_FILE_OFFSET_BITS=64 -O0 -fpermissive -Wl,--start-group -ldl -Wl,--end-group -Wl,--allow-shlib-undefined 

Code:
 int main(void) { return 0; }

Compiler stdout:
 
Compiler stderr:
 
Library dl found: YES
Pkg-config binary for 1 is cached as not found.
Pkg-config binary for machine 1 not found. Giving up.
sdl2-config binary missing from cross or native file, or env var undefined.
Default target is not allowed for cross use
sdl2-config found: NO need ['>=2.0.17']
Run-time dependency sdl2 found: NO (tried pkgconfig and config-tool)
Pkg-config binary for 1 is cached as not found.
Pkg-config binary for machine 1 not found. Giving up.
Running compile:
Working directory:  /home/izkeas/Projects/C-C++/games/core_framework/build-mingw/meson-private/tmpwege_3e2
Command line:  x86_64-w64-mingw32-g++ /home/izkeas/Projects/C-C++/games/core_framework/build-mingw/meson-private/tmpwege_3e2/testfile.cpp -o /home/izkeas/Projects/C-C++/games/core_framework/build-mingw/meson-private/tmpwege_3e2/output.exe -D_FILE_OFFSET_BITS=64 -O0 -fpermissive -Wl,--start-group -lvulkan -Wl,--end-group -Wl,--allow-shlib-undefined 

Code:
 int main(void) { return 0; }

Compiler stdout:
 
Compiler stderr:
 /usr/lib/gcc/x86_64-w64-mingw32/12.1.0/../../../../x86_64-w64-mingw32/bin/ld: cannot find -lvulkan: No such file or directory
collect2: error: ld returned 1 exit status

Using cached compile:
Cached command line:   

Code:
 #include <stdio.h>
        
        int main(void) {
            void * something;
            return 0;
        }
Cached compiler stdout:
 
Cached compiler stderr:
 
Using cached compile:
Cached command line:   

Code:
 #include <stdio.h>
        
        int main(void) { static int a[1-2*!(sizeof(void *) >= 0)]; a[0]=0; return 0; }
Cached compiler stdout:
 
Cached compiler stderr:
 
Using cached compile:
Cached command line:   

Code:
 #include <stdio.h>
        
        int main(void) { static int a[1-2*!(sizeof(void *) > 0)]; a[0]=0; return 0; }
Cached compiler stdout:
 
Cached compiler stderr:
 
Using cached compile:
Cached command line:   

Code:
 #include <stdio.h>
        
        int main(void) { static int a[1-2*!(sizeof(void *) > 1)]; a[0]=0; return 0; }
Cached compiler stdout:
 
Cached compiler stderr:
 
Using cached compile:
Cached command line:   

Code:
 #include <stdio.h>
        
        int main(void) { static int a[1-2*!(sizeof(void *) > 3)]; a[0]=0; return 0; }
Cached compiler stdout:
 
Cached compiler stderr:
 
Using cached compile:
Cached command line:   

Code:
 #include <stdio.h>
        
        int main(void) { static int a[1-2*!(sizeof(void *) > 7)]; a[0]=0; return 0; }
Cached compiler stdout:
 
Cached compiler stderr:
 
Using cached compile:
Cached command line:   

Code:
 #include <stdio.h>
        
        int main(void) { static int a[1-2*!(sizeof(void *) > 15)]; a[0]=0; return 0; }
Cached compiler stdout:
 
Cached compiler stderr:
 /home/izkeas/Projects/C-C++/games/core_framework/build-mingw/meson-private/tmpso48xvfo/testfile.cpp: In function 'int main()':
/home/izkeas/Projects/C-C++/games/core_framework/build-mingw/meson-private/tmpso48xvfo/testfile.cpp:3:65: error: narrowing conversion of '-1' from 'int' to 'long long unsigned int' [-Wnarrowing]
    3 |         int main(void) { static int a[1-2*!(sizeof(void *) > 15)]; a[0]=0; return 0; }
      |                                                                 ^
/home/izkeas/Projects/C-C++/games/core_framework/build-mingw/meson-private/tmpso48xvfo/testfile.cpp:3:40: error: size '-1' of array 'a' is negative
    3 |         int main(void) { static int a[1-2*!(sizeof(void *) > 15)]; a[0]=0; return 0; }
      |                                       ~^~~~~~~~~~~~~~~~~~~~~~~~~

Using cached compile:
Cached command line:   

Code:
 #include <stdio.h>
        
        int main(void) { static int a[1-2*!(sizeof(void *) <= 11)]; a[0]=0; return 0; }
Cached compiler stdout:
 
Cached compiler stderr:
 
Using cached compile:
Cached command line:   

Code:
 #include <stdio.h>
        
        int main(void) { static int a[1-2*!(sizeof(void *) <= 9)]; a[0]=0; return 0; }
Cached compiler stdout:
 
Cached compiler stderr:
 
Using cached compile:
Cached command line:   

Code:
 #include <stdio.h>
        
        int main(void) { static int a[1-2*!(sizeof(void *) <= 8)]; a[0]=0; return 0; }
Cached compiler stdout:
 
Cached compiler stderr:
 
Running compile:
Working directory:  /home/izkeas/Projects/C-C++/games/core_framework/build-mingw/meson-private/tmp_zyr3bs2
Command line:  x86_64-w64-mingw32-g++ /home/izkeas/Projects/C-C++/games/core_framework/build-mingw/meson-private/tmp_zyr3bs2/testfile.cpp -o /home/izkeas/Projects/C-C++/games/core_framework/build-mingw/meson-private/tmp_zyr3bs2/output.obj -c -D_FILE_OFFSET_BITS=64 -O0 -fpermissive --print-search-dirs 

Code:
 
Compiler stdout:
 install: /usr/lib/gcc/x86_64-w64-mingw32/12.1.0/
programs: =/usr/lib/gcc/x86_64-w64-mingw32/12.1.0/:/usr/lib/gcc/x86_64-w64-mingw32/12.1.0/:/usr/lib/gcc/x86_64-w64-mingw32/:/usr/lib/gcc/x86_64-w64-mingw32/12.1.0/:/usr/lib/gcc/x86_64-w64-mingw32/:/usr/lib/gcc/x86_64-w64-mingw32/12.1.0/../../../../x86_64-w64-mingw32/bin/x86_64-w64-mingw32/12.1.0/:/usr/lib/gcc/x86_64-w64-mingw32/12.1.0/../../../../x86_64-w64-mingw32/bin/
libraries: =/usr/lib/gcc/x86_64-w64-mingw32/12.1.0/:/usr/lib/gcc/x86_64-w64-mingw32/12.1.0/../../../../x86_64-w64-mingw32/lib/x86_64-w64-mingw32/12.1.0/:/usr/lib/gcc/x86_64-w64-mingw32/12.1.0/../../../../x86_64-w64-mingw32/lib/../lib/:/usr/lib/gcc/x86_64-w64-mingw32/12.1.0/../../../../x86_64-w64-mingw32/lib/

Compiler stderr:
 
Run-time dependency vulkan found: NO (tried pkgconfig and system)
Running compile:
Working directory:  /tmp/tmpx8bud3b4
Command line:  x86_64-w64-mingw32-g++ /tmp/tmpx8bud3b4/testfile.cpp -o /tmp/tmpx8bud3b4/output.obj -D_FILE_OFFSET_BITS=64 -c -std=c++20 

Code:
 int i = static_cast<int>(0);
Compiler stdout:
 
Compiler stderr:
 
Compiler accepts -std=c++20: YES
Using cached compile:
Cached command line:   

Code:
 
        #ifdef __has_include
         #if !__has_include("webgpu/webgpu.h")
          #error "Header 'webgpu/webgpu.h' could not be found"
         #endif
        #else
         #include <webgpu/webgpu.h>
        #endif
Cached compiler stdout:
 
Cached compiler stderr:
 /home/izkeas/Projects/C-C++/games/core_framework/build-mingw/meson-private/tmpqz_856h_/testfile.cpp:4:12: error: #error "Header 'webgpu/webgpu.h' could not be found"
    4 |           #error "Header 'webgpu/webgpu.h' could not be found"
      |            ^~~~~

Has header "webgpu/webgpu.h" : NO (cached)
Dependency glfw3 found: YES 3.3.2 (cached)
Pkg-config binary for 1 is cached as not found.
Pkg-config binary for machine 1 not found. Giving up.
sdl2-config binary missing from cross or native file, or env var undefined.
Default target is not allowed for cross use
sdl2-config found: NO
Run-time dependency sdl2 found: NO (tried pkgconfig and config-tool)
Running compile:
Working directory:  /home/izkeas/Projects/C-C++/games/core_framework/build-mingw/meson-private/tmp1t3750e7
Command line:  x86_64-w64-mingw32-gcc /home/izkeas/Projects/C-C++/games/core_framework/build-mingw/meson-private/tmp1t3750e7/testfile.c -o /home/izkeas/Projects/C-C++/games/core_framework/build-mingw/meson-private/tmp1t3750e7/output.exe -D_FILE_OFFSET_BITS=64 -O0 -Wl,--start-group -ldwmapi -Wl,--end-group -Wl,--allow-shlib-undefined 

Code:
 int main(void) { return 0; }

Compiler stdout:
 
Compiler stderr:
 
Library dwmapi found: YES
Pkg-config binary for 1 is cached as not found.
Pkg-config binary for machine 1 not found. Giving up.
CMake binary for 1 is cached as not found
CMake binary for machine 1 not found. Giving up.
Run-time dependency allegro-5 found: NO (tried pkgconfig and cmake)
Pkg-config binary for 1 is cached as not found.
Pkg-config binary for machine 1 not found. Giving up.
CMake binary for 1 is cached as not found
CMake binary for machine 1 not found. Giving up.
Run-time dependency allegro_primitives-5 found: NO (tried pkgconfig and cmake)
Build targets in project: 5
Subproject imgui finished.

Dependency imgui from subproject subprojects/imgui-1.87 found: YES 1.87
Build targets in project: 7

core-lib 0.1.0

  Subprojects
    fmt                      : YES
    glew                     : YES
    glfw3                    : YES
    glm                      : YES
    imgui                    : YES
    stb-meson                : YES

  User defined options
    Cross files              : /home/izkeas/Projects/C-C++/games/core_framework/mingw_settings.txt
    backend                  : ninja
    default_library          : static
    layout                   : mirror
    fmt:default_library      : static
    glew:default_library     : static
    glfw3:default_library    : static
    glm:default_library      : static
    imgui:default_library    : static
    imgui:dx10               : disabled
    imgui:dx11               : disabled
    imgui:dx12               : disabled
    imgui:dx9                : disabled
    imgui:glfw               : enabled
    imgui:opengl             : enabled
    stb-meson:default_library: static

Found ninja-1.11.0 at /usr/bin/ninja
Running compile:
Working directory:  /tmp/tmp383v361n
Command line:  x86_64-w64-mingw32-g++ /tmp/tmp383v361n/testfile.cpp -o /tmp/tmp383v361n/output.obj -D_FILE_OFFSET_BITS=64 -c -std=c++14 

Code:
 int i = static_cast<int>(0);
Compiler stdout:
 
Compiler stderr:
 
Compiler accepts -std=c++14: YES
